2025-02-19 20:33:15 [INFO]: [GET] /favicon.ico
2025-02-19 20:33:15 [INFO]: Lấy danh sách khoa
2025-02-19 20:33:17 [INFO]: Truy cập trang chủ
2025-02-19 20:33:20 [INFO]: Lấy danh sách khoa
2025-02-19 20:33:21 [INFO]: Lấy danh sách sinh viên - Số lượng: 10
2025-02-19 20:33:54 [INFO]: Nhận yêu cầu thêm cấu hình - Loại: departments, Giá trị: Khoa Sinh
2025-02-19 20:33:55 [INFO]: Thêm cấu hình thành công - Loại: departments, Giá trị: Khoa Sinh
2025-02-19 20:35:20 [INFO]: Lấy danh sách sinh viên - Số lượng: 11
2025-02-19 21:31:31 [INFO]: Lấy danh sách sinh viên - Số lượng: 11
2025-02-19 21:31:31 [INFO]: [GET] /favicon.ico
2025-02-19 21:31:32 [INFO]: Truy cập trang chủ
2025-02-19 21:31:32 [INFO]: [GET] /api/version
2025-02-19 21:31:32 [INFO]: Lấy thông tin phiên bản ứng dụng.
2025-02-19 21:33:52 [INFO]: Truy cập trang chủ
2025-02-19 21:33:52 [INFO]: [GET] /api/version
2025-02-19 21:33:52 [INFO]: Lấy thông tin phiên bản ứng dụng.
2025-02-19 21:33:52 [INFO]: [GET] /favicon.ico
2025-02-19 21:34:06 [INFO]: Lấy danh sách khoa
2025-02-19 21:34:10 [INFO]: Lấy danh sách sinh viên - Số lượng: 11
2025-02-21 16:29:16 [INFO]: Truy cập trang chủ
2025-02-21 16:29:17 [INFO]: [GET] /api/version
2025-02-21 16:29:17 [INFO]: Lấy thông tin phiên bản ứng dụng.
2025-02-21 16:29:17 [INFO]: [GET] /favicon.ico
2025-02-21 16:42:46 [INFO]: [GET] /favicon.ico
2025-02-21 16:47:47 [INFO]: Nhận yêu cầu thêm cấu hình - Loại: departments, Giá trị: Khoa Tiếng Hàn
2025-02-21 16:47:47 [INFO]: Thêm cấu hình thành công - Loại: departments, Giá trị: Khoa Tiếng Hàn
2025-02-21 16:48:28 [INFO]: Nhận yêu cầu xóa cấu hình - Loại: departments, Giá trị: Khoa Tiếng Hàn
2025-02-21 16:48:28 [INFO]: Xóa cấu hình thành công - Loại: departments, Giá trị: Khoa Tiếng Hàn
2025-02-21 16:53:06 [INFO]: Lấy danh sách khoa
2025-02-21 16:55:41 [INFO]: Lấy danh sách khoa
2025-02-21 17:01:53 [INFO]: Lấy danh sách sinh viên - Số lượng: 11
2025-02-21 17:03:07 [INFO]: Xuất JSON thành công - 11 sinh viên.
2025-02-21 17:03:12 [INFO]: Xuất Excel thành công - 11 sinh viên.
2025-02-21 17:05:16 [INFO]: Xuất JSON thành công - 11 sinh viên.
2025-02-21 17:14:51 [INFO]: Truy cập trang chủ
2025-02-21 17:14:51 [INFO]: [GET] /api/version
2025-02-21 17:14:51 [INFO]: Lấy thông tin phiên bản ứng dụng.
2025-02-21 19:30:57 [INFO]: Truy cập trang chủ
2025-02-21 19:30:57 [INFO]: [GET] /api/version
2025-02-21 19:30:57 [INFO]: Lấy thông tin phiên bản ứng dụng.
2025-02-21 19:30:57 [INFO]: [GET] /favicon.ico
2025-02-21 19:31:00 [INFO]: Lấy danh sách sinh viên - Số lượng: 11
2025-02-21 19:31:03 [INFO]: Lấy danh sách khoa
2025-02-21 19:32:23 [INFO]: [GET] /favicon.ico
2025-02-21 19:32:46 [INFO]: Lấy danh sách sinh viên - Số lượng: 11
2025-02-21 19:32:52 [INFO]: Lấy danh sách khoa
2025-02-21 19:37:44 [INFO]: Lấy danh sách sinh viên - Số lượng: 11
2025-02-21 19:37:54 [INFO]: Nhận yêu cầu xóa cấu hình - Loại: departments, Giá trị: Khoa Luật
2025-02-21 19:37:54 [INFO]: Xóa cấu hình thành công - Loại: departments, Giá trị: Khoa Luật
2025-02-21 19:38:24 [INFO]: Nhận yêu cầu thêm cấu hình - Loại: departments, Giá trị: Khoa Luật
2025-02-21 19:38:24 [INFO]: Thêm cấu hình thành công - Loại: departments, Giá trị: Khoa Luật
2025-02-21 19:39:00 [INFO]: Nhận yêu cầu đổi tên cấu hình - Loại: departments, Từ: Khoa Luật, Thành: Khoa Luật Quóc Tế
2025-02-21 19:39:00 [INFO]: Đổi tên cấu hình thành công - Loại: departments, Từ: Khoa Luật, Thành: Khoa Luật Quóc Tế
2025-02-21 19:39:20 [INFO]: Nhận yêu cầu đổi tên cấu hình - Loại: departments, Từ: Khoa Luật Quóc Tế, Thành: Khoa Luật Quốc Tế
2025-02-21 19:39:20 [INFO]: Đổi tên cấu hình thành công - Loại: departments, Từ: Khoa Luật Quóc Tế, Thành: Khoa Luật Quốc Tế
2025-02-21 19:45:50 [INFO]: Lấy danh sách khoa
2025-02-21 19:46:07 [INFO]: Lấy danh sách khoa
2025-02-21 19:47:00 [INFO]: Lấy danh sách sinh viên - Số lượng: 12
2025-02-26 15:17:08 [INFO]: Truy cập trang chủ
2025-02-26 15:17:09 [INFO]: [GET] /api/version
2025-02-26 15:17:09 [INFO]: Lấy thông tin phiên bản ứng dụng.
2025-02-26 15:17:09 [INFO]: [GET] /favicon.ico
2025-02-26 15:17:16 [INFO]: Lấy danh sách khoa
2025-02-26 15:17:18 [INFO]: Lấy danh sách sinh viên - Số lượng: 12
2025-02-26 15:17:26 [INFO]: Lấy danh sách khoa
2025-02-27 22:13:50 [INFO]: Truy cập trang chủ
2025-02-27 22:13:50 [INFO]: [GET] /api/version
2025-02-27 22:13:50 [INFO]: Lấy thông tin phiên bản ứng dụng.
2025-02-27 22:13:50 [INFO]: [GET] /favicon.ico
2025-02-27 22:15:01 [INFO]: Truy cập trang chủ
2025-02-27 22:15:01 [INFO]: [GET] /api/version
2025-02-27 22:15:01 [INFO]: Lấy thông tin phiên bản ứng dụng.
2025-02-27 22:15:04 [INFO]: [GET] /email-config
2025-02-27 22:15:04 [INFO]: [GET] /config/email-domains
2025-02-27 22:15:17 [INFO]: [POST] /config/email-domains
2025-02-27 22:15:19 [INFO]: [GET] /config/email-domains
2025-02-27 22:15:33 [INFO]: [POST] /config/email-domains
2025-02-27 22:15:36 [INFO]: [GET] /config/email-domains
2025-02-27 22:16:03 [INFO]: Truy cập trang chủ
2025-02-27 22:16:03 [INFO]: [GET] /api/version
2025-02-27 22:16:03 [INFO]: Lấy thông tin phiên bản ứng dụng.
2025-02-27 22:16:39 [INFO]: [GET] /email-config
2025-02-27 22:16:39 [INFO]: [GET] /config/email-domains
2025-02-27 22:17:41 [INFO]: [GET] /email-config
2025-02-27 22:17:41 [INFO]: [GET] /config/email-domains
2025-02-27 22:17:54 [INFO]: [GET] /email-config
2025-02-27 22:17:55 [INFO]: [GET] /config/email-domains
2025-02-27 22:19:00 [INFO]: [GET] /email-config
2025-02-27 22:19:00 [INFO]: [GET] /config/email-domains
2025-02-27 22:19:00 [INFO]: [GET] /favicon.ico
2025-02-28 12:40:29 [INFO]: [GET] /email-config
2025-02-28 12:40:29 [INFO]: [GET] /config/phone-codes
2025-02-28 12:40:29 [INFO]: [GET] /config/email-domains
2025-02-28 12:40:29 [INFO]: [GET] /favicon.ico
2025-02-28 12:41:09 [INFO]: [GET] /email-config
2025-02-28 12:41:09 [INFO]: [GET] /config/email-domains
2025-02-28 12:41:09 [INFO]: [GET] /config/phone-codes
2025-02-28 12:41:50 [INFO]: [GET] /email-config
2025-02-28 12:41:50 [INFO]: [GET] /config/email-domains
2025-02-28 12:41:50 [INFO]: [GET] /config/phone-codes
2025-02-28 12:43:13 [INFO]: [GET] /email-config
2025-02-28 12:43:13 [INFO]: [GET] /config/email-domains
2025-02-28 12:43:13 [INFO]: [GET] /config/phone-codes
2025-02-28 12:44:12 [INFO]: Truy cập trang chủ
2025-02-28 12:44:12 [INFO]: [GET] /api/version
2025-02-28 12:44:12 [INFO]: Lấy thông tin phiên bản ứng dụng.
2025-02-28 12:44:12 [INFO]: [GET] /favicon.ico
2025-02-28 12:44:51 [INFO]: [GET] /email-config
2025-02-28 12:44:51 [INFO]: [GET] /config/email-domains
2025-02-28 12:44:51 [INFO]: [GET] /config/phone-codes
2025-02-28 12:45:59 [INFO]: [GET] /email-config
2025-02-28 12:45:59 [INFO]: [GET] /config/email-domains
2025-02-28 12:45:59 [INFO]: [GET] /config/phone-codes
